This file contains any messages produced by compilers while
running configure, to aid debugging if configure makes a mistake.

It was created by Battle for Wesnoth configure 0.7.11, which was
generated by GNU Autoconf 2.59.  Invocation command line was

  $ ./configure 

## --------- ##
## Platform. ##
## --------- ##

hostname = MSI-PE62-7RE
uname -m = x86_64
uname -r = 4.15.0-33-generic
uname -s = Linux
uname -v = #36~16.04.1-Ubuntu SMP Wed Aug 15 17:21:05 UTC 2018

/usr/bin/uname -p = unknown
/bin/uname -X     = unknown

/bin/arch              = unknown
/usr/bin/arch -k       = unknown
/usr/convex/getsysinfo = unknown
hostinfo               = unknown
/bin/machine           = unknown
/usr/bin/oslevel       = unknown
/bin/universe          = unknown

PATH: /home/jason/Downloads/Games/freeciv-2.6.0/server
PATH: /home/jason/bin
PATH: /home/jason/.local/bin
PATH: /usr/local/sbin
PATH: /usr/local/bin
PATH: /usr/sbin
PATH: /usr/bin
PATH: /sbin
PATH: /bin
PATH: /usr/games
PATH: /usr/local/games
PATH: /snap/bin


## ----------- ##
## Core tests. ##
## ----------- ##

configure:1386: checking for a BSD-compatible install
configure:1441: result: /usr/bin/install -c
configure:1452: checking whether build environment is sane
configure:1495: result: yes
configure:1528: checking for gawk
configure:1557: result: no
configure:1528: checking for mawk
configure:1544: found /usr/bin/mawk
configure:1554: result: mawk
configure:1564: checking whether make sets $(MAKE)
configure:1584: result: yes
configure:1809: checking for g++
configure:1825: found /usr/bin/g++
configure:1835: result: g++
configure:1851: checking for C++ compiler version
configure:1854: g++ --version </dev/null >&5
g++ (Ubuntu 5.4.0-6ubuntu1~16.04.10) 5.4.0 20160609
Copyright (C) 2015 Free Software Foundation, Inc.
This is free software; see the source for copying conditions.  There is NO
warranty; not even for MERCHANTABILITY or FITNESS FOR A PARTICULAR PURPOSE.

configure:1857: $? = 0
configure:1859: g++ -v </dev/null >&5
Using built-in specs.
COLLECT_GCC=g++
COLLECT_LTO_WRAPPER=/usr/lib/gcc/x86_64-linux-gnu/5/lto-wrapper
Target: x86_64-linux-gnu
Configured with: ../src/configure -v --with-pkgversion='Ubuntu 5.4.0-6ubuntu1~16.04.10' --with-bugurl=file:///usr/share/doc/gcc-5/README.Bugs --enable-languages=c,ada,c++,java,go,d,fortran,objc,obj-c++ --prefix=/usr --program-suffix=-5 --enable-shared --enable-linker-build-id --libexecdir=/usr/lib --without-included-gettext --enable-threads=posix --libdir=/usr/lib --enable-nls --with-sysroot=/ --enable-clocale=gnu --enable-libstdcxx-debug --enable-libstdcxx-time=yes --with-default-libstdcxx-abi=new --enable-gnu-unique-object --disable-vtable-verify --enable-libmpx --enable-plugin --with-system-zlib --disable-browser-plugin --enable-java-awt=gtk --enable-gtk-cairo --with-java-home=/usr/lib/jvm/java-1.5.0-gcj-5-amd64/jre --enable-java-home --with-jvm-root-dir=/usr/lib/jvm/java-1.5.0-gcj-5-amd64 --with-jvm-jar-dir=/usr/lib/jvm-exports/java-1.5.0-gcj-5-amd64 --with-arch-directory=amd64 --with-ecj-jar=/usr/share/java/eclipse-ecj.jar --enable-objc-gc --enable-multiarch --disable-werror --with-arch-32=i686 --with-abi=m64 --with-multilib-list=m32,m64,mx32 --enable-multilib --with-tune=generic --enable-checking=release --build=x86_64-linux-gnu --host=x86_64-linux-gnu --target=x86_64-linux-gnu
Thread model: posix
gcc version 5.4.0 20160609 (Ubuntu 5.4.0-6ubuntu1~16.04.10) 
configure:1862: $? = 0
configure:1864: g++ -V </dev/null >&5
g++: error: unrecognized command line option '-V'
g++: fatal error: no input files
compilation terminated.
configure:1867: $? = 1
configure:1890: checking for C++ compiler default output file name
configure:1893: g++    conftest.cc  >&5
configure:1896: $? = 0
configure:1942: result: a.out
configure:1947: checking whether the C++ compiler works
configure:1953: ./a.out
configure:1956: $? = 0
configure:1973: result: yes
configure:1980: checking whether we are cross compiling
configure:1982: result: no
configure:1985: checking for suffix of executables
configure:1987: g++ -o conftest    conftest.cc  >&5
configure:1990: $? = 0
configure:2015: result: 
configure:2021: checking for suffix of object files
configure:2042: g++ -c   conftest.cc >&5
configure:2045: $? = 0
configure:2067: result: o
configure:2071: checking whether we are using the GNU C++ compiler
configure:2095: g++ -c   conftest.cc >&5
configure:2101: $? = 0
configure:2104: test -z 			 || test ! -s conftest.err
configure:2107: $? = 0
configure:2110: test -s conftest.o
configure:2113: $? = 0
configure:2126: result: yes
configure:2132: checking whether g++ accepts -g
configure:2153: g++ -c -g  conftest.cc >&5
configure:2159: $? = 0
configure:2162: test -z 			 || test ! -s conftest.err
configure:2165: $? = 0
configure:2168: test -s conftest.o
configure:2171: $? = 0
configure:2182: result: yes
configure:2224: g++ -c -g -O2  conftest.cc >&5
configure:2230: $? = 0
configure:2233: test -z 			 || test ! -s conftest.err
configure:2236: $? = 0
configure:2239: test -s conftest.o
configure:2242: $? = 0
configure:2268: g++ -c -g -O2  conftest.cc >&5
conftest.cc: In function 'int main()':
conftest.cc:15:9: error: 'exit' was not declared in this scope
 exit (42);
         ^
configure:2274: $? = 1
configure: failed program was:
| /* confdefs.h.  */
| 
| #define PACKAGE_NAME "Battle for Wesnoth"
| #define PACKAGE_TARNAME "wesnoth"
| #define PACKAGE_VERSION "0.7.11"
| #define PACKAGE_STRING "Battle for Wesnoth 0.7.11"
| #define PACKAGE_BUGREPORT "davidnwhite@optusnet.com.au"
| #define PACKAGE "wesnoth"
| #define VERSION "0.7.11"
| /* end confdefs.h.  */
| 
| int
| main ()
| {
| exit (42);
|   ;
|   return 0;
| }
configure:2224: g++ -c -g -O2  conftest.cc >&5
conftest.cc:11:40: error: 'void std::exit(int)' should have been declared inside 'std'
 extern "C" void std::exit (int) throw (); using std::exit;
                                        ^
configure:2230: $? = 1
configure: failed program was:
| /* confdefs.h.  */
| 
| #define PACKAGE_NAME "Battle for Wesnoth"
| #define PACKAGE_TARNAME "wesnoth"
| #define PACKAGE_VERSION "0.7.11"
| #define PACKAGE_STRING "Battle for Wesnoth 0.7.11"
| #define PACKAGE_BUGREPORT "davidnwhite@optusnet.com.au"
| #define PACKAGE "wesnoth"
| #define VERSION "0.7.11"
| /* end confdefs.h.  */
| extern "C" void std::exit (int) throw (); using std::exit;
| #include <stdlib.h>
| int
| main ()
| {
| exit (42);
|   ;
|   return 0;
| }
configure:2224: g++ -c -g -O2  conftest.cc >&5
conftest.cc:11:31: error: 'void std::exit(int)' should have been declared inside 'std'
 extern "C" void std::exit (int); using std::exit;
                               ^
In file included from conftest.cc:12:0:
/usr/include/stdlib.h:543:70: error: declaration of 'void std::exit(int) throw ()' has a different exception specifier
 extern void exit (int __status) __THROW __attribute__ ((__noreturn__));
                                                                      ^
conftest.cc:11:17: error: from previous declaration 'void std::exit(int)'
 extern "C" void std::exit (int); using std::exit;
                 ^
configure:2230: $? = 1
configure: failed program was:
| /* confdefs.h.  */
| 
| #define PACKAGE_NAME "Battle for Wesnoth"
| #define PACKAGE_TARNAME "wesnoth"
| #define PACKAGE_VERSION "0.7.11"
| #define PACKAGE_STRING "Battle for Wesnoth 0.7.11"
| #define PACKAGE_BUGREPORT "davidnwhite@optusnet.com.au"
| #define PACKAGE "wesnoth"
| #define VERSION "0.7.11"
| /* end confdefs.h.  */
| extern "C" void std::exit (int); using std::exit;
| #include <stdlib.h>
| int
| main ()
| {
| exit (42);
|   ;
|   return 0;
| }
configure:2224: g++ -c -g -O2  conftest.cc >&5
configure:2230: $? = 0
configure:2233: test -z 			 || test ! -s conftest.err
configure:2236: $? = 0
configure:2239: test -s conftest.o
configure:2242: $? = 0
configure:2268: g++ -c -g -O2  conftest.cc >&5
configure:2274: $? = 0
configure:2277: test -z 			 || test ! -s conftest.err
configure:2280: $? = 0
configure:2283: test -s conftest.o
configure:2286: $? = 0
configure:2320: checking for style of include used by make
configure:2348: result: GNU
configure:2376: checking dependency style of g++
configure:2459: result: gcc3
configure:2522: checking for gcc
configure:2538: found /usr/bin/gcc
configure:2548: result: gcc
configure:2792: checking for C compiler version
configure:2795: gcc --version </dev/null >&5
gcc (Ubuntu 5.4.0-6ubuntu1~16.04.10) 5.4.0 20160609
Copyright (C) 2015 Free Software Foundation, Inc.
This is free software; see the source for copying conditions.  There is NO
warranty; not even for MERCHANTABILITY or FITNESS FOR A PARTICULAR PURPOSE.

configure:2798: $? = 0
configure:2800: gcc -v </dev/null >&5
Using built-in specs.
COLLECT_GCC=gcc
COLLECT_LTO_WRAPPER=/usr/lib/gcc/x86_64-linux-gnu/5/lto-wrapper
Target: x86_64-linux-gnu
Configured with: ../src/configure -v --with-pkgversion='Ubuntu 5.4.0-6ubuntu1~16.04.10' --with-bugurl=file:///usr/share/doc/gcc-5/README.Bugs --enable-languages=c,ada,c++,java,go,d,fortran,objc,obj-c++ --prefix=/usr --program-suffix=-5 --enable-shared --enable-linker-build-id --libexecdir=/usr/lib --without-included-gettext --enable-threads=posix --libdir=/usr/lib --enable-nls --with-sysroot=/ --enable-clocale=gnu --enable-libstdcxx-debug --enable-libstdcxx-time=yes --with-default-libstdcxx-abi=new --enable-gnu-unique-object --disable-vtable-verify --enable-libmpx --enable-plugin --with-system-zlib --disable-browser-plugin --enable-java-awt=gtk --enable-gtk-cairo --with-java-home=/usr/lib/jvm/java-1.5.0-gcj-5-amd64/jre --enable-java-home --with-jvm-root-dir=/usr/lib/jvm/java-1.5.0-gcj-5-amd64 --with-jvm-jar-dir=/usr/lib/jvm-exports/java-1.5.0-gcj-5-amd64 --with-arch-directory=amd64 --with-ecj-jar=/usr/share/java/eclipse-ecj.jar --enable-objc-gc --enable-multiarch --disable-werror --with-arch-32=i686 --with-abi=m64 --with-multilib-list=m32,m64,mx32 --enable-multilib --with-tune=generic --enable-checking=release --build=x86_64-linux-gnu --host=x86_64-linux-gnu --target=x86_64-linux-gnu
Thread model: posix
gcc version 5.4.0 20160609 (Ubuntu 5.4.0-6ubuntu1~16.04.10) 
configure:2803: $? = 0
configure:2805: gcc -V </dev/null >&5
gcc: error: unrecognized command line option '-V'
gcc: fatal error: no input files
compilation terminated.
configure:2808: $? = 1
configure:2811: checking whether we are using the GNU C compiler
configure:2835: gcc -c   conftest.c >&5
configure:2841: $? = 0
configure:2844: test -z 			 || test ! -s conftest.err
configure:2847: $? = 0
configure:2850: test -s conftest.o
configure:2853: $? = 0
configure:2866: result: yes
configure:2872: checking whether gcc accepts -g
configure:2893: gcc -c -g  conftest.c >&5
configure:2899: $? = 0
configure:2902: test -z 			 || test ! -s conftest.err
configure:2905: $? = 0
configure:2908: test -s conftest.o
configure:2911: $? = 0
configure:2922: result: yes
configure:2939: checking for gcc option to accept ANSI C
configure:3009: gcc  -c -g -O2  conftest.c >&5
configure:3015: $? = 0
configure:3018: test -z 			 || test ! -s conftest.err
configure:3021: $? = 0
configure:3024: test -s conftest.o
configure:3027: $? = 0
configure:3045: result: none needed
configure:3063: gcc -c -g -O2  conftest.c >&5
conftest.c:2:3: error: unknown type name 'choke'
   choke me
   ^
conftest.c:2:3: error: expected '=', ',', ';', 'asm' or '__attribute__' at end of input
configure:3069: $? = 1
configure: failed program was:
| #ifndef __cplusplus
|   choke me
| #endif
configure:3201: checking dependency style of gcc
configure:3284: result: gcc3
configure:3310: checking how to run the C preprocessor
configure:3345: gcc -E  conftest.c
configure:3351: $? = 0
configure:3383: gcc -E  conftest.c
conftest.c:14:28: fatal error: ac_nonexistent.h: No such file or directory
compilation terminated.
configure:3389: $? = 1
configure: failed program was:
| /* confdefs.h.  */
| 
| #define PACKAGE_NAME "Battle for Wesnoth"
| #define PACKAGE_TARNAME "wesnoth"
| #define PACKAGE_VERSION "0.7.11"
| #define PACKAGE_STRING "Battle for Wesnoth 0.7.11"
| #define PACKAGE_BUGREPORT "davidnwhite@optusnet.com.au"
| #define PACKAGE "wesnoth"
| #define VERSION "0.7.11"
| #ifdef __cplusplus
| extern "C" void exit (int) throw ();
| #endif
| /* end confdefs.h.  */
| #include <ac_nonexistent.h>
configure:3428: result: gcc -E
configure:3452: gcc -E  conftest.c
configure:3458: $? = 0
configure:3490: gcc -E  conftest.c
conftest.c:14:28: fatal error: ac_nonexistent.h: No such file or directory
compilation terminated.
configure:3496: $? = 1
configure: failed program was:
| /* confdefs.h.  */
| 
| #define PACKAGE_NAME "Battle for Wesnoth"
| #define PACKAGE_TARNAME "wesnoth"
| #define PACKAGE_VERSION "0.7.11"
| #define PACKAGE_STRING "Battle for Wesnoth 0.7.11"
| #define PACKAGE_BUGREPORT "davidnwhite@optusnet.com.au"
| #define PACKAGE "wesnoth"
| #define VERSION "0.7.11"
| #ifdef __cplusplus
| extern "C" void exit (int) throw ();
| #endif
| /* end confdefs.h.  */
| #include <ac_nonexistent.h>
configure:3542: checking for X
configure:3648: gcc -E  conftest.c
configure:3654: $? = 0
configure:3704: gcc -o conftest -g -O2   conftest.c -lXt  >&5
configure:3710: $? = 0
configure:3713: test -z 			 || test ! -s conftest.err
configure:3716: $? = 0
configure:3719: test -s conftest
configure:3722: $? = 0
configure:3776: result: libraries , headers in standard search path
configure:3947: gcc -o conftest -g -O2   conftest.c   -lX11 >&5
configure:3953: $? = 0
configure:3956: test -z 			 || test ! -s conftest.err
configure:3959: $? = 0
configure:3962: test -s conftest
configure:3965: $? = 0
configure:4121: checking for gethostbyname
configure:4178: gcc -o conftest -g -O2   conftest.c  >&5
configure:4184: $? = 0
configure:4187: test -z 			 || test ! -s conftest.err
configure:4190: $? = 0
configure:4193: test -s conftest
configure:4196: $? = 0
configure:4208: result: yes
configure:4357: checking for connect
configure:4414: gcc -o conftest -g -O2   conftest.c  >&5
configure:4420: $? = 0
configure:4423: test -z 			 || test ! -s conftest.err
configure:4426: $? = 0
configure:4429: test -s conftest
configure:4432: $? = 0
configure:4444: result: yes
configure:4518: checking for remove
configure:4575: gcc -o conftest -g -O2   conftest.c  >&5
configure:4581: $? = 0
configure:4584: test -z 			 || test ! -s conftest.err
configure:4587: $? = 0
configure:4590: test -s conftest
configure:4593: $? = 0
configure:4605: result: yes
configure:4679: checking for shmat
configure:4736: gcc -o conftest -g -O2   conftest.c  >&5
configure:4742: $? = 0
configure:4745: test -z 			 || test ! -s conftest.err
configure:4748: $? = 0
configure:4751: test -s conftest
configure:4754: $? = 0
configure:4766: result: yes
configure:4849: checking for IceConnectionNumber in -lICE
configure:4879: gcc -o conftest -g -O2   conftest.c -lICE   >&5
configure:4885: $? = 0
configure:4888: test -z 			 || test ! -s conftest.err
configure:4891: $? = 0
configure:4894: test -s conftest
configure:4897: $? = 0
configure:4910: result: yes
configure:4922: checking for XOpenDisplay in -lX11
configure:4952: gcc -o conftest -g -O2   conftest.c -lX11   >&5
configure:4958: $? = 0
configure:4961: test -z 			 || test ! -s conftest.err
configure:4964: $? = 0
configure:4967: test -s conftest
configure:4970: $? = 0
configure:4983: result: yes
configure:5020: checking for sdl-config
configure:5038: found /usr/bin/sdl-config
configure:5050: result: /usr/bin/sdl-config
configure:5082: checking for libpng-config
configure:5100: found /usr/bin/libpng-config
configure:5112: result: /usr/bin/libpng-config
configure:5158: checking for SDL - version >= 1.2.7
configure:5250: gcc -o conftest -g -O2 -I/usr/include/SDL -D_GNU_SOURCE=1 -D_REENTRANT    conftest.c  -lX11  -L/usr/lib/x86_64-linux-gnu -lSDL >&5
configure:5253: $? = 0
configure:5255: ./conftest
configure:5258: $? = 0
configure:5260: result: yes
configure:5289: checking for gnome-config
configure:5322: result: no
configure:5347: checking for kde-config
configure:5380: result: no
configure:5429: checking for IMG_Load in -lSDL_image
configure:5459: gcc -o conftest -g -O2    conftest.c -lSDL_image   -lX11  -L/usr/lib/x86_64-linux-gnu -lSDL >&5
configure:5465: $? = 0
configure:5468: test -z 			 || test ! -s conftest.err
configure:5471: $? = 0
configure:5474: test -s conftest
configure:5477: $? = 0
configure:5490: result: yes
configure:5503: checking for Mix_OpenAudio in -lSDL_mixer
configure:5533: gcc -o conftest -g -O2    conftest.c -lSDL_mixer   -lX11  -L/usr/lib/x86_64-linux-gnu -lSDL >&5
configure:5539: $? = 0
configure:5542: test -z 			 || test ! -s conftest.err
configure:5545: $? = 0
configure:5548: test -s conftest
configure:5551: $? = 0
configure:5564: result: yes
configure:5577: checking for SDLNet_Init in -lSDL_net
configure:5607: gcc -o conftest -g -O2    conftest.c -lSDL_net   -lX11  -L/usr/lib/x86_64-linux-gnu -lSDL >&5
configure:5613: $? = 0
configure:5616: test -z 			 || test ! -s conftest.err
configure:5619: $? = 0
configure:5622: test -s conftest
configure:5625: $? = 0
configure:5638: result: yes
configure:5651: checking for TTF_OpenFont in -lSDL_ttf
configure:5681: gcc -o conftest -g -O2    conftest.c -lSDL_ttf   -lX11  -L/usr/lib/x86_64-linux-gnu -lSDL >&5
configure:5687: $? = 0
configure:5690: test -z 			 || test ! -s conftest.err
configure:5693: $? = 0
configure:5696: test -s conftest
configure:5699: $? = 0
configure:5712: result: yes
configure:5746: checking for dirent.h that defines DIR
configure:5770: gcc -c -g -O2   conftest.c >&5
configure:5776: $? = 0
configure:5779: test -z 			 || test ! -s conftest.err
configure:5782: $? = 0
configure:5785: test -s conftest.o
configure:5788: $? = 0
configure:5799: result: yes
configure:5812: checking for library containing opendir
configure:5842: gcc -o conftest -g -O2    conftest.c  -lX11  >&5
configure:5848: $? = 0
configure:5851: test -z 			 || test ! -s conftest.err
configure:5854: $? = 0
configure:5857: test -s conftest
configure:5860: $? = 0
configure:5929: result: none required
configure:6063: checking for egrep
configure:6073: result: grep -E
configure:6078: checking for ANSI C header files
configure:6103: gcc -c -g -O2   conftest.c >&5
configure:6109: $? = 0
configure:6112: test -z 			 || test ! -s conftest.err
configure:6115: $? = 0
configure:6118: test -s conftest.o
configure:6121: $? = 0
configure:6210: gcc -o conftest -g -O2    conftest.c  -lX11  >&5
conftest.c: In function 'main':
conftest.c:33:7: warning: implicit declaration of function 'exit' [-Wimplicit-function-declaration]
       exit(2);
       ^
conftest.c:33:7: warning: incompatible implicit declaration of built-in function 'exit'
conftest.c:33:7: note: include '<stdlib.h>' or provide a declaration of 'exit'
conftest.c:34:3: warning: incompatible implicit declaration of built-in function 'exit'
   exit (0);
   ^
conftest.c:34:3: note: include '<stdlib.h>' or provide a declaration of 'exit'
configure:6213: $? = 0
configure:6215: ./conftest
configure:6218: $? = 0
configure:6233: result: yes
configure:6267: checking for sys/types.h
configure:6283: gcc -c -g -O2   -I/usr/include/SDL -D_GNU_SOURCE=1 -D_REENTRANT conftest.c >&5
configure:6289: $? = 0
configure:6292: test -z 			 || test ! -s conftest.err
configure:6295: $? = 0
configure:6298: test -s conftest.o
configure:6301: $? = 0
configure:6312: result: yes
configure:6267: checking for sys/stat.h
configure:6283: gcc -c -g -O2   -I/usr/include/SDL -D_GNU_SOURCE=1 -D_REENTRANT conftest.c >&5
configure:6289: $? = 0
configure:6292: test -z 			 || test ! -s conftest.err
configure:6295: $? = 0
configure:6298: test -s conftest.o
configure:6301: $? = 0
configure:6312: result: yes
configure:6267: checking for stdlib.h
configure:6283: gcc -c -g -O2   -I/usr/include/SDL -D_GNU_SOURCE=1 -D_REENTRANT conftest.c >&5
configure:6289: $? = 0
configure:6292: test -z 			 || test ! -s conftest.err
configure:6295: $? = 0
configure:6298: test -s conftest.o
configure:6301: $? = 0
configure:6312: result: yes
configure:6267: checking for string.h
configure:6283: gcc -c -g -O2   -I/usr/include/SDL -D_GNU_SOURCE=1 -D_REENTRANT conftest.c >&5
configure:6289: $? = 0
configure:6292: test -z 			 || test ! -s conftest.err
configure:6295: $? = 0
configure:6298: test -s conftest.o
configure:6301: $? = 0
configure:6312: result: yes
configure:6267: checking for memory.h
configure:6283: gcc -c -g -O2   -I/usr/include/SDL -D_GNU_SOURCE=1 -D_REENTRANT conftest.c >&5
configure:6289: $? = 0
configure:6292: test -z 			 || test ! -s conftest.err
configure:6295: $? = 0
configure:6298: test -s conftest.o
configure:6301: $? = 0
configure:6312: result: yes
configure:6267: checking for strings.h
configure:6283: gcc -c -g -O2   -I/usr/include/SDL -D_GNU_SOURCE=1 -D_REENTRANT conftest.c >&5
configure:6289: $? = 0
configure:6292: test -z 			 || test ! -s conftest.err
configure:6295: $? = 0
configure:6298: test -s conftest.o
configure:6301: $? = 0
configure:6312: result: yes
configure:6267: checking for inttypes.h
configure:6283: gcc -c -g -O2   -I/usr/include/SDL -D_GNU_SOURCE=1 -D_REENTRANT conftest.c >&5
configure:6289: $? = 0
configure:6292: test -z 			 || test ! -s conftest.err
configure:6295: $? = 0
configure:6298: test -s conftest.o
configure:6301: $? = 0
configure:6312: result: yes
configure:6267: checking for stdint.h
configure:6283: gcc -c -g -O2   -I/usr/include/SDL -D_GNU_SOURCE=1 -D_REENTRANT conftest.c >&5
configure:6289: $? = 0
configure:6292: test -z 			 || test ! -s conftest.err
configure:6295: $? = 0
configure:6298: test -s conftest.o
configure:6301: $? = 0
configure:6312: result: yes
configure:6267: checking for unistd.h
configure:6283: gcc -c -g -O2   -I/usr/include/SDL -D_GNU_SOURCE=1 -D_REENTRANT conftest.c >&5
configure:6289: $? = 0
configure:6292: test -z 			 || test ! -s conftest.err
configure:6295: $? = 0
configure:6298: test -s conftest.o
configure:6301: $? = 0
configure:6312: result: yes
configure:6334: checking SDL.h usability
configure:6346: gcc -c -g -O2   -I/usr/include/SDL -D_GNU_SOURCE=1 -D_REENTRANT conftest.c >&5
configure:6352: $? = 0
configure:6355: test -z 			 || test ! -s conftest.err
configure:6358: $? = 0
configure:6361: test -s conftest.o
configure:6364: $? = 0
configure:6374: result: yes
configure:6378: checking SDL.h presence
configure:6388: gcc -E   -I/usr/include/SDL -D_GNU_SOURCE=1 -D_REENTRANT conftest.c
configure:6394: $? = 0
configure:6414: result: yes
configure:6449: checking for SDL.h
configure:6456: result: yes
configure:6482: checking SDL_image.h usability
configure:6494: gcc -c -g -O2   -I/usr/include/SDL -D_GNU_SOURCE=1 -D_REENTRANT conftest.c >&5
configure:6500: $? = 0
configure:6503: test -z 			 || test ! -s conftest.err
configure:6506: $? = 0
configure:6509: test -s conftest.o
configure:6512: $? = 0
configure:6522: result: yes
configure:6526: checking SDL_image.h presence
configure:6536: gcc -E   -I/usr/include/SDL -D_GNU_SOURCE=1 -D_REENTRANT conftest.c
configure:6542: $? = 0
configure:6562: result: yes
configure:6597: checking for SDL_image.h
configure:6604: result: yes
configure:6630: checking SDL_mixer.h usability
configure:6642: gcc -c -g -O2   -I/usr/include/SDL -D_GNU_SOURCE=1 -D_REENTRANT conftest.c >&5
configure:6648: $? = 0
configure:6651: test -z 			 || test ! -s conftest.err
configure:6654: $? = 0
configure:6657: test -s conftest.o
configure:6660: $? = 0
configure:6670: result: yes
configure:6674: checking SDL_mixer.h presence
configure:6684: gcc -E   -I/usr/include/SDL -D_GNU_SOURCE=1 -D_REENTRANT conftest.c
configure:6690: $? = 0
configure:6710: result: yes
configure:6745: checking for SDL_mixer.h
configure:6752: result: yes
configure:6778: checking SDL_net.h usability
configure:6790: gcc -c -g -O2   -I/usr/include/SDL -D_GNU_SOURCE=1 -D_REENTRANT conftest.c >&5
configure:6796: $? = 0
configure:6799: test -z 			 || test ! -s conftest.err
configure:6802: $? = 0
configure:6805: test -s conftest.o
configure:6808: $? = 0
configure:6818: result: yes
configure:6822: checking SDL_net.h presence
configure:6832: gcc -E   -I/usr/include/SDL -D_GNU_SOURCE=1 -D_REENTRANT conftest.c
configure:6838: $? = 0
configure:6858: result: yes
configure:6893: checking for SDL_net.h
configure:6900: result: yes
configure:6926: checking SDL_ttf.h usability
configure:6938: gcc -c -g -O2   -I/usr/include/SDL -D_GNU_SOURCE=1 -D_REENTRANT conftest.c >&5
configure:6944: $? = 0
configure:6947: test -z 			 || test ! -s conftest.err
configure:6950: $? = 0
configure:6953: test -s conftest.o
configure:6956: $? = 0
configure:6966: result: yes
configure:6970: checking SDL_ttf.h presence
configure:6980: gcc -E   -I/usr/include/SDL -D_GNU_SOURCE=1 -D_REENTRANT conftest.c
configure:6986: $? = 0
configure:7006: result: yes
configure:7041: checking for SDL_ttf.h
configure:7048: result: yes
configure:7075: checking for stdlib.h
configure:7080: result: yes
configure:7075: checking for unistd.h
configure:7080: result: yes
configure:7225: checking for stdbool.h that conforms to C99
configure:7278: gcc -c -g -O2   conftest.c >&5
conftest.c:54:2: warning: variably modified 'd' at file scope
  char d[(bool) -0.5 == true ? 1 : -1];
  ^
conftest.c:56:2: warning: variably modified 'f' at file scope
  char f[(_Bool) -0.0 == false ? 1 : -1];
  ^
configure:7284: $? = 0
configure:7287: test -z 			 || test ! -s conftest.err
configure:7290: $? = 0
configure:7293: test -s conftest.o
configure:7296: $? = 0
configure:7307: result: yes
configure:7309: checking for _Bool
configure:7333: gcc -c -g -O2   conftest.c >&5
configure:7339: $? = 0
configure:7342: test -z 			 || test ! -s conftest.err
configure:7345: $? = 0
configure:7348: test -s conftest.o
configure:7351: $? = 0
configure:7362: result: yes
configure:7381: checking for an ANSI C-conforming const
configure:7448: gcc -c -g -O2   conftest.c >&5
configure:7454: $? = 0
configure:7457: test -z 			 || test ! -s conftest.err
configure:7460: $? = 0
configure:7463: test -s conftest.o
configure:7466: $? = 0
configure:7477: result: yes
configure:7487: checking for inline
configure:7508: gcc -c -g -O2   conftest.c >&5
configure:7514: $? = 0
configure:7517: test -z 			 || test ! -s conftest.err
configure:7520: $? = 0
configure:7523: test -s conftest.o
configure:7526: $? = 0
configure:7538: result: inline
configure:7557: checking for mode_t
configure:7581: gcc -c -g -O2   conftest.c >&5
configure:7587: $? = 0
configure:7590: test -z 			 || test ! -s conftest.err
configure:7593: $? = 0
configure:7596: test -s conftest.o
configure:7599: $? = 0
configure:7610: result: yes
configure:7622: checking for size_t
configure:7646: gcc -c -g -O2   conftest.c >&5
configure:7652: $? = 0
configure:7655: test -z 			 || test ! -s conftest.err
configure:7658: $? = 0
configure:7661: test -s conftest.o
configure:7664: $? = 0
configure:7675: result: yes
configure:7687: checking whether struct tm is in sys/time.h or time.h
configure:7710: gcc -c -g -O2   conftest.c >&5
configure:7716: $? = 0
configure:7719: test -z 			 || test ! -s conftest.err
configure:7722: $? = 0
configure:7725: test -s conftest.o
configure:7728: $? = 0
configure:7739: result: time.h
configure:7751: checking for error_at_line
configure:7772: gcc -o conftest -g -O2    conftest.c  -lX11  >&5
conftest.c: In function 'main':
conftest.c:67:1: warning: implicit declaration of function 'error_at_line' [-Wimplicit-function-declaration]
 error_at_line (0, 0, "", 0, "");
 ^
configure:7778: $? = 0
configure:7781: test -z 			 || test ! -s conftest.err
configure:7784: $? = 0
configure:7787: test -s conftest
configure:7790: $? = 0
configure:7802: result: yes
configure:7815: checking whether lstat dereferences a symlink specified with a trailing slash
configure:7846: gcc -o conftest -g -O2    conftest.c  -lX11  >&5
configure:7849: $? = 0
configure:7851: ./conftest
configure:7854: $? = 0
configure:7875: result: yes
configure:7896: checking whether stat accepts an empty string
configure:7921: gcc -o conftest -g -O2    conftest.c  -lX11  >&5
configure:7924: $? = 0
configure:7926: ./conftest
configure:7929: $? = 1
configure: program exited with status 1
configure: failed program was:
| /* confdefs.h.  */
| 
| #define PACKAGE_NAME "Battle for Wesnoth"
| #define PACKAGE_TARNAME "wesnoth"
| #define PACKAGE_VERSION "0.7.11"
| #define PACKAGE_STRING "Battle for Wesnoth 0.7.11"
| #define PACKAGE_BUGREPORT "davidnwhite@optusnet.com.au"
| #define PACKAGE "wesnoth"
| #define VERSION "0.7.11"
| #ifdef __cplusplus
| extern "C" void exit (int) throw ();
| #endif
| #define HAVE_LIBX11
| #define HAVE_DIRENT_H 1
| #define STDC_HEADERS 1
| #define HAVE_SYS_TYPES_H 1
| #define HAVE_SYS_STAT_H 1
| #define HAVE_STDLIB_H 1
| #define HAVE_STRING_H 1
| #define HAVE_MEMORY_H 1
| #define HAVE_STRINGS_H 1
| #define HAVE_INTTYPES_H 1
| #define HAVE_STDINT_H 1
| #define HAVE_UNISTD_H 1
| #define HAVE_STDLIB_H 1
| #define HAVE_UNISTD_H 1
| #define HAVE__BOOL 1
| #define HAVE_STDBOOL_H 1
| #define LSTAT_FOLLOWS_SLASHED_SYMLINK 1
| /* end confdefs.h.  */
| #include <stdio.h>
| #if HAVE_SYS_TYPES_H
| # include <sys/types.h>
| #endif
| #if HAVE_SYS_STAT_H
| # include <sys/stat.h>
| #endif
| #if STDC_HEADERS
| # include <stdlib.h>
| # include <stddef.h>
| #else
| # if HAVE_STDLIB_H
| #  include <stdlib.h>
| # endif
| #endif
| #if HAVE_STRING_H
| # if !STDC_HEADERS && HAVE_MEMORY_H
| #  include <memory.h>
| # endif
| # include <string.h>
| #endif
| #if HAVE_STRINGS_H
| # include <strings.h>
| #endif
| #if HAVE_INTTYPES_H
| # include <inttypes.h>
| #else
| # if HAVE_STDINT_H
| #  include <stdint.h>
| # endif
| #endif
| #if HAVE_UNISTD_H
| # include <unistd.h>
| #endif
| int
| main ()
| {
| struct stat sbuf;
|   exit (stat ("", &sbuf) ? 1 : 0);
|   ;
|   return 0;
| }
configure:7943: result: no
configure:7965: checking for strftime
configure:8022: gcc -o conftest -g -O2    conftest.c  -lX11  >&5
conftest.c:55:6: warning: conflicting types for built-in function 'strftime'
 char strftime ();
      ^
configure:8028: $? = 0
configure:8031: test -z 			 || test ! -s conftest.err
configure:8034: $? = 0
configure:8037: test -s conftest
configure:8040: $? = 0
configure:8052: result: yes
configure:8141: checking for floor
configure:8198: gcc -o conftest -g -O2    conftest.c  -lX11  >&5
conftest.c:56:6: warning: conflicting types for built-in function 'floor'
 char floor ();
      ^
/tmp/ccWnnylc.o:(.data+0x0): undefined reference to `floor'
/tmp/ccWnnylc.o: In function `main':
/home/data/zpp/wesnoth-0.7.11/conftest.c:71: undefined reference to `floor'
collect2: error: ld returned 1 exit status
configure:8204: $? = 1
configure: failed program was:
| /* confdefs.h.  */
| 
| #define PACKAGE_NAME "Battle for Wesnoth"
| #define PACKAGE_TARNAME "wesnoth"
| #define PACKAGE_VERSION "0.7.11"
| #define PACKAGE_STRING "Battle for Wesnoth 0.7.11"
| #define PACKAGE_BUGREPORT "davidnwhite@optusnet.com.au"
| #define PACKAGE "wesnoth"
| #define VERSION "0.7.11"
| #ifdef __cplusplus
| extern "C" void exit (int) throw ();
| #endif
| #define HAVE_LIBX11
| #define HAVE_DIRENT_H 1
| #define STDC_HEADERS 1
| #define HAVE_SYS_TYPES_H 1
| #define HAVE_SYS_STAT_H 1
| #define HAVE_STDLIB_H 1
| #define HAVE_STRING_H 1
| #define HAVE_MEMORY_H 1
| #define HAVE_STRINGS_H 1
| #define HAVE_INTTYPES_H 1
| #define HAVE_STDINT_H 1
| #define HAVE_UNISTD_H 1
| #define HAVE_STDLIB_H 1
| #define HAVE_UNISTD_H 1
| #define HAVE__BOOL 1
| #define HAVE_STDBOOL_H 1
| #define LSTAT_FOLLOWS_SLASHED_SYMLINK 1
| #define HAVE_STRFTIME 1
| /* end confdefs.h.  */
| /* Define floor to an innocuous variant, in case <limits.h> declares floor.
|    For example, HP-UX 11i <limits.h> declares gettimeofday.  */
| #define floor innocuous_floor
| 
| /* System header to define __stub macros and hopefully few prototypes,
|     which can conflict with char floor (); below.
|     Prefer <limits.h> to <assert.h> if __STDC__ is defined, since
|     <limits.h> exists even on freestanding compilers.  */
| 
| #ifdef __STDC__
| # include <limits.h>
| #else
| # include <assert.h>
| #endif
| 
| #undef floor
| 
| /* Override any gcc2 internal prototype to avoid an error.  */
| #ifdef __cplusplus
| extern "C"
| {
| #endif
| /* We use char because int might match the return type of a gcc2
|    builtin and then its argument prototype would still apply.  */
| char floor ();
| /* The GNU C library defines this for functions which it implements
|     to always fail with ENOSYS.  Some functions are actually named
|     something starting with __ and the normal name is an alias.  */
| #if defined (__stub_floor) || defined (__stub___floor)
| choke me
| #else
| char (*f) () = floor;
| #endif
| #ifdef __cplusplus
| }
| #endif
| 
| int
| main ()
| {
| return f != floor;
|   ;
|   return 0;
| }
configure:8228: result: no
configure:8141: checking for socket
configure:8198: gcc -o conftest -g -O2    conftest.c  -lX11  >&5
configure:8204: $? = 0
configure:8207: test -z 			 || test ! -s conftest.err
configure:8210: $? = 0
configure:8213: test -s conftest
configure:8216: $? = 0
configure:8228: result: yes
configure:8141: checking for strtoul
configure:8198: gcc -o conftest -g -O2    conftest.c  -lX11  >&5
configure:8204: $? = 0
configure:8207: test -z 			 || test ! -s conftest.err
configure:8210: $? = 0
configure:8213: test -s conftest
configure:8216: $? = 0
configure:8228: result: yes
configure:8433: checking for PNG support in SDL_image
configure:8470: gcc -o conftest -g -O2 -I/usr/include/SDL -D_GNU_SOURCE=1 -D_REENTRANT   -I/usr/include/SDL -D_GNU_SOURCE=1 -D_REENTRANT  conftest.c  -lX11  -L/usr/lib/x86_64-linux-gnu -lSDL -lSDL_image >&5
configure:8473: $? = 0
configure:8475: ./conftest
configure:8478: $? = 0
configure:8480: result: yes
configure:8514: checking for OGG support in SDL_mixer
configure:8552: gcc -o conftest -g -O2 -I/usr/include/SDL -D_GNU_SOURCE=1 -D_REENTRANT   -I/usr/include/SDL -D_GNU_SOURCE=1 -D_REENTRANT  conftest.c  -lX11  -L/usr/lib/x86_64-linux-gnu -lSDL -lSDL_mixer >&5
conftest.c: In function 'main':
conftest.c:42:23: warning: implicit declaration of function 'OGG_new' [-Wimplicit-function-declaration]
      music = (char *) OGG_new("music/wesnoth-1.ogg");
                       ^
conftest.c:42:14: warning: cast to pointer from integer of different size [-Wint-to-pointer-cast]
      music = (char *) OGG_new("music/wesnoth-1.ogg");
              ^
/tmp/cciQ78cw.o: In function `main':
/home/data/zpp/wesnoth-0.7.11/conftest.c:42: undefined reference to `OGG_new'
collect2: error: ld returned 1 exit status
configure:8555: $? = 1
configure: program exited with status 1
configure: failed program was:
| /* confdefs.h.  */
| 
| #define PACKAGE_NAME "Battle for Wesnoth"
| #define PACKAGE_TARNAME "wesnoth"
| #define PACKAGE_VERSION "0.7.11"
| #define PACKAGE_STRING "Battle for Wesnoth 0.7.11"
| #define PACKAGE_BUGREPORT "davidnwhite@optusnet.com.au"
| #define PACKAGE "wesnoth"
| #define VERSION "0.7.11"
| #ifdef __cplusplus
| extern "C" void exit (int) throw ();
| #endif
| #define HAVE_LIBX11
| #define HAVE_DIRENT_H 1
| #define STDC_HEADERS 1
| #define HAVE_SYS_TYPES_H 1
| #define HAVE_SYS_STAT_H 1
| #define HAVE_STDLIB_H 1
| #define HAVE_STRING_H 1
| #define HAVE_MEMORY_H 1
| #define HAVE_STRINGS_H 1
| #define HAVE_INTTYPES_H 1
| #define HAVE_STDINT_H 1
| #define HAVE_UNISTD_H 1
| #define HAVE_STDLIB_H 1
| #define HAVE_UNISTD_H 1
| #define HAVE__BOOL 1
| #define HAVE_STDBOOL_H 1
| #define LSTAT_FOLLOWS_SLASHED_SYMLINK 1
| #define HAVE_STRFTIME 1
| #define HAVE_SOCKET 1
| #define HAVE_STRTOUL 1
| /* end confdefs.h.  */
| 
| 	#include <SDL_mixer.h>
|         #include <stdlib.h>
| 
| 	int main(int argc, char **argv)
|         {
| 	    char *music;
| 
| 	    music = (char *) OGG_new("music/wesnoth-1.ogg");
| 	    if (music == NULL)
| 		exit(1);
| 	    exit(0);
|         }
| 
configure:8570: result: no
configure:8572: error: *** SDL_mixer has no OGG support! You need SDL_mixer with OGG support

## ---------------- ##
## Cache variables. ##
## ---------------- ##

ac_cv_c_compiler_gnu=yes
ac_cv_c_const=yes
ac_cv_c_inline=inline
ac_cv_cxx_compiler_gnu=yes
ac_cv_env_CC_set=
ac_cv_env_CC_value=
ac_cv_env_CFLAGS_set=
ac_cv_env_CFLAGS_value=
ac_cv_env_CPPFLAGS_set=
ac_cv_env_CPPFLAGS_value=
ac_cv_env_CPP_set=
ac_cv_env_CPP_value=
ac_cv_env_CXXFLAGS_set=
ac_cv_env_CXXFLAGS_value=
ac_cv_env_CXX_set=
ac_cv_env_CXX_value=
ac_cv_env_LDFLAGS_set=
ac_cv_env_LDFLAGS_value=
ac_cv_env_build_alias_set=
ac_cv_env_build_alias_value=
ac_cv_env_host_alias_set=
ac_cv_env_host_alias_value=
ac_cv_env_target_alias_set=
ac_cv_env_target_alias_value=
ac_cv_exeext=
ac_cv_func_connect=yes
ac_cv_func_floor=no
ac_cv_func_gethostbyname=yes
ac_cv_func_lstat_dereferences_slashed_symlink=yes
ac_cv_func_remove=yes
ac_cv_func_shmat=yes
ac_cv_func_socket=yes
ac_cv_func_stat_empty_string_bug=no
ac_cv_func_strftime=yes
ac_cv_func_strtoul=yes
ac_cv_have_x='have_x=yes 		ac_x_includes= ac_x_libraries='
ac_cv_header_SDL_h=yes
ac_cv_header_SDL_image_h=yes
ac_cv_header_SDL_mixer_h=yes
ac_cv_header_SDL_net_h=yes
ac_cv_header_SDL_ttf_h=yes
ac_cv_header_dirent_dirent_h=yes
ac_cv_header_inttypes_h=yes
ac_cv_header_memory_h=yes
ac_cv_header_stdbool_h=yes
ac_cv_header_stdc=yes
ac_cv_header_stdint_h=yes
ac_cv_header_stdlib_h=yes
ac_cv_header_string_h=yes
ac_cv_header_strings_h=yes
ac_cv_header_sys_stat_h=yes
ac_cv_header_sys_types_h=yes
ac_cv_header_unistd_h=yes
ac_cv_lib_ICE_IceConnectionNumber=yes
ac_cv_lib_SDL_image_IMG_Load=yes
ac_cv_lib_SDL_mixer_Mix_OpenAudio=yes
ac_cv_lib_SDL_net_SDLNet_Init=yes
ac_cv_lib_SDL_ttf_TTF_OpenFont=yes
ac_cv_lib_X11_XOpenDisplay=yes
ac_cv_lib_error_at_line=yes
ac_cv_objext=o
ac_cv_path_PNG_CONFIG=/usr/bin/libpng-config
ac_cv_path_SDL_CONFIG=/usr/bin/sdl-config
ac_cv_path_install='/usr/bin/install -c'
ac_cv_prog_AWK=mawk
ac_cv_prog_CPP='gcc -E'
ac_cv_prog_ac_ct_CC=gcc
ac_cv_prog_ac_ct_CXX=g++
ac_cv_prog_cc_g=yes
ac_cv_prog_cc_stdc=
ac_cv_prog_cxx_g=yes
ac_cv_prog_egrep='grep -E'
ac_cv_prog_make_make_set=yes
ac_cv_search_opendir='none required'
ac_cv_struct_tm=time.h
ac_cv_type__Bool=yes
ac_cv_type_mode_t=yes
ac_cv_type_size_t=yes
am_cv_CC_dependencies_compiler_type=gcc3
am_cv_CXX_dependencies_compiler_type=gcc3

## ----------------- ##
## Output variables. ##
## ----------------- ##

ACLOCAL='${SHELL} /home/data/zpp/wesnoth-0.7.11/config/missing --run aclocal-1.7'
AMDEPBACKSLASH='\'
AMDEP_FALSE='#'
AMDEP_TRUE=''
AMTAR='${SHELL} /home/data/zpp/wesnoth-0.7.11/config/missing --run tar'
AUTOCONF='${SHELL} /home/data/zpp/wesnoth-0.7.11/config/missing --run autoconf'
AUTOHEADER='${SHELL} /home/data/zpp/wesnoth-0.7.11/config/missing --run autoheader'
AUTOMAKE='${SHELL} /home/data/zpp/wesnoth-0.7.11/config/missing --run automake-1.7'
AWK='mawk'
CC='gcc'
CCDEPMODE='depmode=gcc3'
CFLAGS='-g -O2 -I/usr/include/SDL -D_GNU_SOURCE=1 -D_REENTRANT'
CPP='gcc -E'
CPPFLAGS='  -I/usr/include/SDL -D_GNU_SOURCE=1 -D_REENTRANT'
CXX='g++'
CXXDEPMODE='depmode=gcc3'
CXXFLAGS='-g -O2'
CYGPATH_W='echo'
DATADIR='wesnoth'
DATA_FILES=''
DEFS=''
DEPDIR='.deps'
ECHO_C=''
ECHO_N='-n'
ECHO_T=''
EDITOR_FALSE=''
EDITOR_TRUE='#'
EGREP='grep -E'
EXEEXT=''
FONT_FILES=''
GCC_FALSE='#'
GCC_TRUE=''
GNOME1_DESKTOP=''
GNOME1_FALSE=''
GNOME1_TRUE='#'
GNOME2_FALSE=''
GNOME2_TRUE='#'
GNOME_CONFIG='none'
IMAGE_FILES=''
INSTALL_DATA='${INSTALL} -m 644'
INSTALL_PROGRAM='${INSTALL}'
INSTALL_SCRIPT='${INSTALL}'
INSTALL_STRIP_PROGRAM='${SHELL} $(install_sh) -c -s'
KDE_CONFIG='none'
KDE_DESKTOP=''
KDE_FALSE=''
KDE_ICON=''
KDE_TRUE='#'
LDFLAGS=''
LIBOBJS=''
LIBPNG_FALSE='#'
LIBPNG_TRUE=''
LIBS=' -lX11  -L/usr/lib/x86_64-linux-gnu -lSDL -lSDL_mixer'
LTLIBOBJS=''
MAKEINFO='${SHELL} /home/data/zpp/wesnoth-0.7.11/config/missing --run makeinfo'
MANUAL_FILES=''
MUSIC_FILES=''
OBJEXT='o'
PACKAGE='wesnoth'
PACKAGE_BUGREPORT='davidnwhite@optusnet.com.au'
PACKAGE_NAME='Battle for Wesnoth'
PACKAGE_STRING='Battle for Wesnoth 0.7.11'
PACKAGE_TARNAME='wesnoth'
PACKAGE_VERSION='0.7.11'
PATH_SEPARATOR=':'
PNG_CFLAGS='-I/usr/include/libpng12'
PNG_CONFIG='/usr/bin/libpng-config'
PNG_LIBS='-lpng12'
SDL_CFLAGS='-I/usr/include/SDL -D_GNU_SOURCE=1 -D_REENTRANT'
SDL_CONFIG='/usr/bin/sdl-config'
SDL_IMAGE_LIBS='-lSDL_image'
SDL_LIBS='-L/usr/lib/x86_64-linux-gnu -lSDL'
SDL_MIXER_LIBS='-lSDL_mixer'
SDL_NET_LIBS='-lSDL_net'
SDL_TTF_LIBS='-lSDL_ttf'
SERVER_FALSE=''
SERVER_TRUE='#'
SET_MAKE=''
SHELL='/bin/bash'
SOUND_FILES=''
STATIC_FALSE=''
STATIC_TRUE='#'
STRIP=''
TOOLS_FALSE=''
TOOLS_TRUE='#'
UTIL_FILES=''
VERSION='0.7.11'
WZIP_FALSE=''
WZIP_TRUE='#'
X11_FALSE='#'
X11_TRUE=''
X_CFLAGS=''
X_EXTRA_LIBS=''
X_LIBS=' -lX11'
X_PRE_LIBS=' -lSM -lICE'
ac_ct_CC='gcc'
ac_ct_CXX='g++'
ac_ct_STRIP=''
am__fastdepCC_FALSE='#'
am__fastdepCC_TRUE=''
am__fastdepCXX_FALSE='#'
am__fastdepCXX_TRUE=''
am__include='include'
am__leading_dot='.'
am__quote=''
bindir='${exec_prefix}/bin'
build_alias=''
datadir='${prefix}/share'
exec_prefix='NONE'
host_alias=''
includedir='${prefix}/include'
infodir='${prefix}/info'
install_sh='/home/data/zpp/wesnoth-0.7.11/config/install-sh'
libdir='${exec_prefix}/lib'
libexecdir='${exec_prefix}/libexec'
localstatedir='${prefix}/var'
mandir='${prefix}/man'
oldincludedir='/usr/include'
prefix='NONE'
program_transform_name='s,x,x,'
sbindir='${exec_prefix}/sbin'
sharedstatedir='${prefix}/com'
sysconfdir='${prefix}/etc'
target_alias=''

## ----------- ##
## confdefs.h. ##
## ----------- ##

#define HAVE_DIRENT_H 1
#define HAVE_INTTYPES_H 1
#define HAVE_LIBX11
#define HAVE_MEMORY_H 1
#define HAVE_SOCKET 1
#define HAVE_STDBOOL_H 1
#define HAVE_STDINT_H 1
#define HAVE_STDLIB_H 1
#define HAVE_STDLIB_H 1
#define HAVE_STRFTIME 1
#define HAVE_STRINGS_H 1
#define HAVE_STRING_H 1
#define HAVE_STRTOUL 1
#define HAVE_SYS_STAT_H 1
#define HAVE_SYS_TYPES_H 1
#define HAVE_UNISTD_H 1
#define HAVE_UNISTD_H 1
#define HAVE__BOOL 1
#define LSTAT_FOLLOWS_SLASHED_SYMLINK 1
#define PACKAGE "wesnoth"
#define PACKAGE_BUGREPORT "davidnwhite@optusnet.com.au"
#define PACKAGE_NAME "Battle for Wesnoth"
#define PACKAGE_STRING "Battle for Wesnoth 0.7.11"
#define PACKAGE_TARNAME "wesnoth"
#define PACKAGE_VERSION "0.7.11"
#define STDC_HEADERS 1
#define VERSION "0.7.11"
#endif
#ifdef __cplusplus
extern "C" void exit (int) throw ();

configure: exit 1
